CRITICAL - 2023-05-31 02:07:23 --> Call to a member function getFilem() on null
in APPPATH\Controllers\Filem.php on line 24.
 1 SYSTEMPATH\CodeIgniter.php(934): App\Controllers\Filem->index()
 2 SYSTEMPATH\CodeIgniter.php(499): CodeIgniter\CodeIgniter->runController(Object(App\Controllers\Filem))
 3 SYSTEMPATH\CodeIgniter.php(368): CodeIgniter\CodeIgniter->handleRequest(null, Object(Config\Cache), false)
 4 FCPATH\index.php(67): CodeIgniter\CodeIgniter->run()
 5 SYSTEMPATH\Commands\Server\rewrite.php(47): require_once('C:\\xampp\\htdocs\\Manual-MI4Bapp\\public\\index.php')
CRITICAL - 2023-05-31 02:08:26 --> Call to a member function getFilem() on null
in APPPATH\Controllers\Filem.php on line 24.
 1 SYSTEMPATH\CodeIgniter.php(934): App\Controllers\Filem->index()
 2 SYSTEMPATH\CodeIgniter.php(499): CodeIgniter\CodeIgniter->runController(Object(App\Controllers\Filem))
 3 SYSTEMPATH\CodeIgniter.php(368): CodeIgniter\CodeIgniter->handleRequest(null, Object(Config\Cache), false)
 4 FCPATH\index.php(67): CodeIgniter\CodeIgniter->run()
 5 SYSTEMPATH\Commands\Server\rewrite.php(47): require_once('C:\\xampp\\htdocs\\Manual-MI4Bapp\\public\\index.php')
CRITICAL - 2023-05-31 02:08:37 --> Call to a member function getFilem() on null
in APPPATH\Controllers\Filem.php on line 24.
 1 SYSTEMPATH\CodeIgniter.php(934): App\Controllers\Filem->index()
 2 SYSTEMPATH\CodeIgniter.php(499): CodeIgniter\CodeIgniter->runController(Object(App\Controllers\Filem))
 3 SYSTEMPATH\CodeIgniter.php(368): CodeIgniter\CodeIgniter->handleRequest(null, Object(Config\Cache), false)
 4 FCPATH\index.php(67): CodeIgniter\CodeIgniter->run()
 5 SYSTEMPATH\Commands\Server\rewrite.php(47): require_once('C:\\xampp\\htdocs\\Manual-MI4Bapp\\public\\index.php')
CRITICAL - 2023-05-31 02:16:23 --> Call to a member function getFilem() on null
in APPPATH\Controllers\Filem.php on line 24.
 1 SYSTEMPATH\CodeIgniter.php(934): App\Controllers\Filem->index()
 2 SYSTEMPATH\CodeIgniter.php(499): CodeIgniter\CodeIgniter->runController(Object(App\Controllers\Filem))
 3 SYSTEMPATH\CodeIgniter.php(368): CodeIgniter\CodeIgniter->handleRequest(null, Object(Config\Cache), false)
 4 FCPATH\index.php(67): CodeIgniter\CodeIgniter->run()
 5 SYSTEMPATH\Commands\Server\rewrite.php(47): require_once('C:\\xampp\\htdocs\\Manual-MI4Bapp\\public\\index.php')
CRITICAL - 2023-05-31 02:16:24 --> Call to a member function getFilem() on null
in APPPATH\Controllers\Filem.php on line 24.
 1 SYSTEMPATH\CodeIgniter.php(934): App\Controllers\Filem->index()
 2 SYSTEMPATH\CodeIgniter.php(499): CodeIgniter\CodeIgniter->runController(Object(App\Controllers\Filem))
 3 SYSTEMPATH\CodeIgniter.php(368): CodeIgniter\CodeIgniter->handleRequest(null, Object(Config\Cache), false)
 4 FCPATH\index.php(67): CodeIgniter\CodeIgniter->run()
 5 SYSTEMPATH\Commands\Server\rewrite.php(47): require_once('C:\\xampp\\htdocs\\Manual-MI4Bapp\\public\\index.php')
CRITICAL - 2023-05-31 02:16:25 --> Call to a member function getFilem() on null
in APPPATH\Controllers\Filem.php on line 24.
 1 SYSTEMPATH\CodeIgniter.php(934): App\Controllers\Filem->index()
 2 SYSTEMPATH\CodeIgniter.php(499): CodeIgniter\CodeIgniter->runController(Object(App\Controllers\Filem))
 3 SYSTEMPATH\CodeIgniter.php(368): CodeIgniter\CodeIgniter->handleRequest(null, Object(Config\Cache), false)
 4 FCPATH\index.php(67): CodeIgniter\CodeIgniter->run()
 5 SYSTEMPATH\Commands\Server\rewrite.php(47): require_once('C:\\xampp\\htdocs\\Manual-MI4Bapp\\public\\index.php')
CRITICAL - 2023-05-31 02:16:29 --> Call to a member function getFilem() on null
in APPPATH\Controllers\Filem.php on line 24.
 1 SYSTEMPATH\CodeIgniter.php(934): App\Controllers\Filem->index()
 2 SYSTEMPATH\CodeIgniter.php(499): CodeIgniter\CodeIgniter->runController(Object(App\Controllers\Filem))
 3 SYSTEMPATH\CodeIgniter.php(368): CodeIgniter\CodeIgniter->handleRequest(null, Object(Config\Cache), false)
 4 FCPATH\index.php(67): CodeIgniter\CodeIgniter->run()
 5 SYSTEMPATH\Commands\Server\rewrite.php(47): require_once('C:\\xampp\\htdocs\\Manual-MI4Bapp\\public\\index.php')
CRITICAL - 2023-05-31 02:16:30 --> Call to a member function getFilem() on null
in APPPATH\Controllers\Filem.php on line 24.
 1 SYSTEMPATH\CodeIgniter.php(934): App\Controllers\Filem->index()
 2 SYSTEMPATH\CodeIgniter.php(499): CodeIgniter\CodeIgniter->runController(Object(App\Controllers\Filem))
 3 SYSTEMPATH\CodeIgniter.php(368): CodeIgniter\CodeIgniter->handleRequest(null, Object(Config\Cache), false)
 4 FCPATH\index.php(67): CodeIgniter\CodeIgniter->run()
 5 SYSTEMPATH\Commands\Server\rewrite.php(47): require_once('C:\\xampp\\htdocs\\Manual-MI4Bapp\\public\\index.php')
CRITICAL - 2023-05-31 02:16:30 --> Call to a member function getFilem() on null
in APPPATH\Controllers\Filem.php on line 24.
 1 SYSTEMPATH\CodeIgniter.php(934): App\Controllers\Filem->index()
 2 SYSTEMPATH\CodeIgniter.php(499): CodeIgniter\CodeIgniter->runController(Object(App\Controllers\Filem))
 3 SYSTEMPATH\CodeIgniter.php(368): CodeIgniter\CodeIgniter->handleRequest(null, Object(Config\Cache), false)
 4 FCPATH\index.php(67): CodeIgniter\CodeIgniter->run()
 5 SYSTEMPATH\Commands\Server\rewrite.php(47): require_once('C:\\xampp\\htdocs\\Manual-MI4Bapp\\public\\index.php')
CRITICAL - 2023-05-31 02:16:30 --> Call to a member function getFilem() on null
in APPPATH\Controllers\Filem.php on line 24.
 1 SYSTEMPATH\CodeIgniter.php(934): App\Controllers\Filem->index()
 2 SYSTEMPATH\CodeIgniter.php(499): CodeIgniter\CodeIgniter->runController(Object(App\Controllers\Filem))
 3 SYSTEMPATH\CodeIgniter.php(368): CodeIgniter\CodeIgniter->handleRequest(null, Object(Config\Cache), false)
 4 FCPATH\index.php(67): CodeIgniter\CodeIgniter->run()
 5 SYSTEMPATH\Commands\Server\rewrite.php(47): require_once('C:\\xampp\\htdocs\\Manual-MI4Bapp\\public\\index.php')
CRITICAL - 2023-05-31 02:16:30 --> Call to a member function getFilem() on null
in APPPATH\Controllers\Filem.php on line 24.
 1 SYSTEMPATH\CodeIgniter.php(934): App\Controllers\Filem->index()
 2 SYSTEMPATH\CodeIgniter.php(499): CodeIgniter\CodeIgniter->runController(Object(App\Controllers\Filem))
 3 SYSTEMPATH\CodeIgniter.php(368): CodeIgniter\CodeIgniter->handleRequest(null, Object(Config\Cache), false)
 4 FCPATH\index.php(67): CodeIgniter\CodeIgniter->run()
 5 SYSTEMPATH\Commands\Server\rewrite.php(47): require_once('C:\\xampp\\htdocs\\Manual-MI4Bapp\\public\\index.php')
CRITICAL - 2023-05-31 02:16:31 --> Call to a member function getFilem() on null
in APPPATH\Controllers\Filem.php on line 24.
 1 SYSTEMPATH\CodeIgniter.php(934): App\Controllers\Filem->index()
 2 SYSTEMPATH\CodeIgniter.php(499): CodeIgniter\CodeIgniter->runController(Object(App\Controllers\Filem))
 3 SYSTEMPATH\CodeIgniter.php(368): CodeIgniter\CodeIgniter->handleRequest(null, Object(Config\Cache), false)
 4 FCPATH\index.php(67): CodeIgniter\CodeIgniter->run()
 5 SYSTEMPATH\Commands\Server\rewrite.php(47): require_once('C:\\xampp\\htdocs\\Manual-MI4Bapp\\public\\index.php')
CRITICAL - 2023-05-31 02:16:31 --> Call to a member function getFilem() on null
in APPPATH\Controllers\Filem.php on line 24.
 1 SYSTEMPATH\CodeIgniter.php(934): App\Controllers\Filem->index()
 2 SYSTEMPATH\CodeIgniter.php(499): CodeIgniter\CodeIgniter->runController(Object(App\Controllers\Filem))
 3 SYSTEMPATH\CodeIgniter.php(368): CodeIgniter\CodeIgniter->handleRequest(null, Object(Config\Cache), false)
 4 FCPATH\index.php(67): CodeIgniter\CodeIgniter->run()
 5 SYSTEMPATH\Commands\Server\rewrite.php(47): require_once('C:\\xampp\\htdocs\\Manual-MI4Bapp\\public\\index.php')
CRITICAL - 2023-05-31 02:16:31 --> Call to a member function getFilem() on null
in APPPATH\Controllers\Filem.php on line 24.
 1 SYSTEMPATH\CodeIgniter.php(934): App\Controllers\Filem->index()
 2 SYSTEMPATH\CodeIgniter.php(499): CodeIgniter\CodeIgniter->runController(Object(App\Controllers\Filem))
 3 SYSTEMPATH\CodeIgniter.php(368): CodeIgniter\CodeIgniter->handleRequest(null, Object(Config\Cache), false)
 4 FCPATH\index.php(67): CodeIgniter\CodeIgniter->run()
 5 SYSTEMPATH\Commands\Server\rewrite.php(47): require_once('C:\\xampp\\htdocs\\Manual-MI4Bapp\\public\\index.php')
CRITICAL - 2023-05-31 02:16:32 --> Call to a member function getFilem() on null
in APPPATH\Controllers\Filem.php on line 24.
 1 SYSTEMPATH\CodeIgniter.php(934): App\Controllers\Filem->index()
 2 SYSTEMPATH\CodeIgniter.php(499): CodeIgniter\CodeIgniter->runController(Object(App\Controllers\Filem))
 3 SYSTEMPATH\CodeIgniter.php(368): CodeIgniter\CodeIgniter->handleRequest(null, Object(Config\Cache), false)
 4 FCPATH\index.php(67): CodeIgniter\CodeIgniter->run()
 5 SYSTEMPATH\Commands\Server\rewrite.php(47): require_once('C:\\xampp\\htdocs\\Manual-MI4Bapp\\public\\index.php')
CRITICAL - 2023-05-31 02:19:02 --> Call to a member function getFilem() on null
in APPPATH\Controllers\Filem.php on line 24.
 1 SYSTEMPATH\CodeIgniter.php(934): App\Controllers\Filem->index()
 2 SYSTEMPATH\CodeIgniter.php(499): CodeIgniter\CodeIgniter->runController(Object(App\Controllers\Filem))
 3 SYSTEMPATH\CodeIgniter.php(368): CodeIgniter\CodeIgniter->handleRequest(null, Object(Config\Cache), false)
 4 FCPATH\index.php(67): CodeIgniter\CodeIgniter->run()
 5 SYSTEMPATH\Commands\Server\rewrite.php(47): require_once('C:\\xampp\\htdocs\\Manual-MI4Bapp\\public\\index.php')
CRITICAL - 2023-05-31 02:19:32 --> Call to a member function getFilem() on null
in APPPATH\Controllers\Filem.php on line 24.
 1 SYSTEMPATH\CodeIgniter.php(934): App\Controllers\Filem->index()
 2 SYSTEMPATH\CodeIgniter.php(499): CodeIgniter\CodeIgniter->runController(Object(App\Controllers\Filem))
 3 SYSTEMPATH\CodeIgniter.php(368): CodeIgniter\CodeIgniter->handleRequest(null, Object(Config\Cache), false)
 4 FCPATH\index.php(67): CodeIgniter\CodeIgniter->run()
 5 SYSTEMPATH\Commands\Server\rewrite.php(47): require_once('C:\\xampp\\htdocs\\Manual-MI4Bapp\\public\\index.php')
CRITICAL - 2023-05-31 02:19:33 --> Call to a member function getFilem() on null
in APPPATH\Controllers\Filem.php on line 24.
 1 SYSTEMPATH\CodeIgniter.php(934): App\Controllers\Filem->index()
 2 SYSTEMPATH\CodeIgniter.php(499): CodeIgniter\CodeIgniter->runController(Object(App\Controllers\Filem))
 3 SYSTEMPATH\CodeIgniter.php(368): CodeIgniter\CodeIgniter->handleRequest(null, Object(Config\Cache), false)
 4 FCPATH\index.php(67): CodeIgniter\CodeIgniter->run()
 5 SYSTEMPATH\Commands\Server\rewrite.php(47): require_once('C:\\xampp\\htdocs\\Manual-MI4Bapp\\public\\index.php')
CRITICAL - 2023-05-31 02:19:34 --> Call to a member function getFilem() on null
in APPPATH\Controllers\Filem.php on line 24.
 1 SYSTEMPATH\CodeIgniter.php(934): App\Controllers\Filem->index()
 2 SYSTEMPATH\CodeIgniter.php(499): CodeIgniter\CodeIgniter->runController(Object(App\Controllers\Filem))
 3 SYSTEMPATH\CodeIgniter.php(368): CodeIgniter\CodeIgniter->handleRequest(null, Object(Config\Cache), false)
 4 FCPATH\index.php(67): CodeIgniter\CodeIgniter->run()
 5 SYSTEMPATH\Commands\Server\rewrite.php(47): require_once('C:\\xampp\\htdocs\\Manual-MI4Bapp\\public\\index.php')
CRITICAL - 2023-05-31 02:19:34 --> Call to a member function getFilem() on null
in APPPATH\Controllers\Filem.php on line 24.
 1 SYSTEMPATH\CodeIgniter.php(934): App\Controllers\Filem->index()
 2 SYSTEMPATH\CodeIgniter.php(499): CodeIgniter\CodeIgniter->runController(Object(App\Controllers\Filem))
 3 SYSTEMPATH\CodeIgniter.php(368): CodeIgniter\CodeIgniter->handleRequest(null, Object(Config\Cache), false)
 4 FCPATH\index.php(67): CodeIgniter\CodeIgniter->run()
 5 SYSTEMPATH\Commands\Server\rewrite.php(47): require_once('C:\\xampp\\htdocs\\Manual-MI4Bapp\\public\\index.php')
CRITICAL - 2023-05-31 02:19:35 --> Call to a member function getFilem() on null
in APPPATH\Controllers\Filem.php on line 24.
 1 SYSTEMPATH\CodeIgniter.php(934): App\Controllers\Filem->index()
 2 SYSTEMPATH\CodeIgniter.php(499): CodeIgniter\CodeIgniter->runController(Object(App\Controllers\Filem))
 3 SYSTEMPATH\CodeIgniter.php(368): CodeIgniter\CodeIgniter->handleRequest(null, Object(Config\Cache), false)
 4 FCPATH\index.php(67): CodeIgniter\CodeIgniter->run()
 5 SYSTEMPATH\Commands\Server\rewrite.php(47): require_once('C:\\xampp\\htdocs\\Manual-MI4Bapp\\public\\index.php')
CRITICAL - 2023-05-31 02:19:35 --> Call to a member function getFilem() on null
in APPPATH\Controllers\Filem.php on line 24.
 1 SYSTEMPATH\CodeIgniter.php(934): App\Controllers\Filem->index()
 2 SYSTEMPATH\CodeIgniter.php(499): CodeIgniter\CodeIgniter->runController(Object(App\Controllers\Filem))
 3 SYSTEMPATH\CodeIgniter.php(368): CodeIgniter\CodeIgniter->handleRequest(null, Object(Config\Cache), false)
 4 FCPATH\index.php(67): CodeIgniter\CodeIgniter->run()
 5 SYSTEMPATH\Commands\Server\rewrite.php(47): require_once('C:\\xampp\\htdocs\\Manual-MI4Bapp\\public\\index.php')
CRITICAL - 2023-05-31 02:19:35 --> Call to a member function getFilem() on null
in APPPATH\Controllers\Filem.php on line 24.
 1 SYSTEMPATH\CodeIgniter.php(934): App\Controllers\Filem->index()
 2 SYSTEMPATH\CodeIgniter.php(499): CodeIgniter\CodeIgniter->runController(Object(App\Controllers\Filem))
 3 SYSTEMPATH\CodeIgniter.php(368): CodeIgniter\CodeIgniter->handleRequest(null, Object(Config\Cache), false)
 4 FCPATH\index.php(67): CodeIgniter\CodeIgniter->run()
 5 SYSTEMPATH\Commands\Server\rewrite.php(47): require_once('C:\\xampp\\htdocs\\Manual-MI4Bapp\\public\\index.php')
CRITICAL - 2023-05-31 02:19:36 --> Call to a member function getFilem() on null
in APPPATH\Controllers\Filem.php on line 24.
 1 SYSTEMPATH\CodeIgniter.php(934): App\Controllers\Filem->index()
 2 SYSTEMPATH\CodeIgniter.php(499): CodeIgniter\CodeIgniter->runController(Object(App\Controllers\Filem))
 3 SYSTEMPATH\CodeIgniter.php(368): CodeIgniter\CodeIgniter->handleRequest(null, Object(Config\Cache), false)
 4 FCPATH\index.php(67): CodeIgniter\CodeIgniter->run()
 5 SYSTEMPATH\Commands\Server\rewrite.php(47): require_once('C:\\xampp\\htdocs\\Manual-MI4Bapp\\public\\index.php')
CRITICAL - 2023-05-31 02:19:37 --> Call to a member function getFilem() on null
in APPPATH\Controllers\Filem.php on line 24.
 1 SYSTEMPATH\CodeIgniter.php(934): App\Controllers\Filem->index()
 2 SYSTEMPATH\CodeIgniter.php(499): CodeIgniter\CodeIgniter->runController(Object(App\Controllers\Filem))
 3 SYSTEMPATH\CodeIgniter.php(368): CodeIgniter\CodeIgniter->handleRequest(null, Object(Config\Cache), false)
 4 FCPATH\index.php(67): CodeIgniter\CodeIgniter->run()
 5 SYSTEMPATH\Commands\Server\rewrite.php(47): require_once('C:\\xampp\\htdocs\\Manual-MI4Bapp\\public\\index.php')
CRITICAL - 2023-05-31 02:24:27 --> Call to a member function getFilem() on null
in APPPATH\Controllers\Filem.php on line 24.
 1 SYSTEMPATH\CodeIgniter.php(934): App\Controllers\Filem->index()
 2 SYSTEMPATH\CodeIgniter.php(499): CodeIgniter\CodeIgniter->runController(Object(App\Controllers\Filem))
 3 SYSTEMPATH\CodeIgniter.php(368): CodeIgniter\CodeIgniter->handleRequest(null, Object(Config\Cache), false)
 4 FCPATH\index.php(67): CodeIgniter\CodeIgniter->run()
 5 SYSTEMPATH\Commands\Server\rewrite.php(47): require_once('C:\\xampp\\htdocs\\Manual-MI4Bapp\\public\\index.php')
CRITICAL - 2023-05-31 02:24:28 --> Call to a member function getFilem() on null
in APPPATH\Controllers\Filem.php on line 24.
 1 SYSTEMPATH\CodeIgniter.php(934): App\Controllers\Filem->index()
 2 SYSTEMPATH\CodeIgniter.php(499): CodeIgniter\CodeIgniter->runController(Object(App\Controllers\Filem))
 3 SYSTEMPATH\CodeIgniter.php(368): CodeIgniter\CodeIgniter->handleRequest(null, Object(Config\Cache), false)
 4 FCPATH\index.php(67): CodeIgniter\CodeIgniter->run()
 5 SYSTEMPATH\Commands\Server\rewrite.php(47): require_once('C:\\xampp\\htdocs\\Manual-MI4Bapp\\public\\index.php')
CRITICAL - 2023-05-31 02:24:28 --> Call to a member function getFilem() on null
in APPPATH\Controllers\Filem.php on line 24.
 1 SYSTEMPATH\CodeIgniter.php(934): App\Controllers\Filem->index()
 2 SYSTEMPATH\CodeIgniter.php(499): CodeIgniter\CodeIgniter->runController(Object(App\Controllers\Filem))
 3 SYSTEMPATH\CodeIgniter.php(368): CodeIgniter\CodeIgniter->handleRequest(null, Object(Config\Cache), false)
 4 FCPATH\index.php(67): CodeIgniter\CodeIgniter->run()
 5 SYSTEMPATH\Commands\Server\rewrite.php(47): require_once('C:\\xampp\\htdocs\\Manual-MI4Bapp\\public\\index.php')
CRITICAL - 2023-05-31 02:24:31 --> Call to a member function getFilem() on null
in APPPATH\Controllers\Filem.php on line 24.
 1 SYSTEMPATH\CodeIgniter.php(934): App\Controllers\Filem->index()
 2 SYSTEMPATH\CodeIgniter.php(499): CodeIgniter\CodeIgniter->runController(Object(App\Controllers\Filem))
 3 SYSTEMPATH\CodeIgniter.php(368): CodeIgniter\CodeIgniter->handleRequest(null, Object(Config\Cache), false)
 4 FCPATH\index.php(67): CodeIgniter\CodeIgniter->run()
 5 SYSTEMPATH\Commands\Server\rewrite.php(47): require_once('C:\\xampp\\htdocs\\Manual-MI4Bapp\\public\\index.php')
