CRITICAL - 2023-06-14 00:34:50 --> Undefined array key "genre"
in APPPATH\Views\Filem\semuafilem.php on line 27.
 1 APPPATH\Views\Filem\semuafilem.php(27): CodeIgniter\Debug\Exceptions->errorHandler(2, 'Undefined array key "genre"', 'C:\\xampp\\htdocs\\Manual-MI4Bapp\\app\\Views\\Filem\\semuafilem.php', 27)
 2 SYSTEMPATH\View\View.php(213): include('C:\\xampp\\htdocs\\Manual-MI4Bapp\\app\\Views\\Filem\\semuafilem.php')
 3 SYSTEMPATH\View\View.php(216): CodeIgniter\View\View->CodeIgniter\View\{closure}()
 4 SYSTEMPATH\Common.php(1184): CodeIgniter\View\View->render('filem/semuafilem', [], true)
 5 APPPATH\Controllers\Filem.php(31): view('filem/semuafilem', [...])
 6 SYSTEMPATH\CodeIgniter.php(934): App\Controllers\Filem->all()
 7 SYSTEMPATH\CodeIgniter.php(499): CodeIgniter\CodeIgniter->runController(Object(App\Controllers\Filem))
 8 SYSTEMPATH\CodeIgniter.php(368): CodeIgniter\CodeIgniter->handleRequest(null, Object(Config\Cache), false)
 9 FCPATH\index.php(67): CodeIgniter\CodeIgniter->run()
10 SYSTEMPATH\Commands\Server\rewrite.php(47): require_once('C:\\xampp\\htdocs\\Manual-MI4Bapp\\public\\index.php')
CRITICAL - 2023-06-14 00:35:54 --> Undefined array key "genre"
in APPPATH\Views\Filem\semuafilem.php on line 27.
 1 APPPATH\Views\Filem\semuafilem.php(27): CodeIgniter\Debug\Exceptions->errorHandler(2, 'Undefined array key "genre"', 'C:\\xampp\\htdocs\\Manual-MI4Bapp\\app\\Views\\Filem\\semuafilem.php', 27)
 2 SYSTEMPATH\View\View.php(213): include('C:\\xampp\\htdocs\\Manual-MI4Bapp\\app\\Views\\Filem\\semuafilem.php')
 3 SYSTEMPATH\View\View.php(216): CodeIgniter\View\View->CodeIgniter\View\{closure}()
 4 SYSTEMPATH\Common.php(1184): CodeIgniter\View\View->render('filem/semuafilem', [], true)
 5 APPPATH\Controllers\Filem.php(31): view('filem/semuafilem', [...])
 6 SYSTEMPATH\CodeIgniter.php(934): App\Controllers\Filem->all()
 7 SYSTEMPATH\CodeIgniter.php(499): CodeIgniter\CodeIgniter->runController(Object(App\Controllers\Filem))
 8 SYSTEMPATH\CodeIgniter.php(368): CodeIgniter\CodeIgniter->handleRequest(null, Object(Config\Cache), false)
 9 FCPATH\index.php(67): CodeIgniter\CodeIgniter->run()
10 SYSTEMPATH\Commands\Server\rewrite.php(47): require_once('C:\\xampp\\htdocs\\Manual-MI4Bapp\\public\\index.php')
CRITICAL - 2023-06-14 00:35:55 --> Undefined array key "genre"
in APPPATH\Views\Filem\semuafilem.php on line 27.
 1 APPPATH\Views\Filem\semuafilem.php(27): CodeIgniter\Debug\Exceptions->errorHandler(2, 'Undefined array key "genre"', 'C:\\xampp\\htdocs\\Manual-MI4Bapp\\app\\Views\\Filem\\semuafilem.php', 27)
 2 SYSTEMPATH\View\View.php(213): include('C:\\xampp\\htdocs\\Manual-MI4Bapp\\app\\Views\\Filem\\semuafilem.php')
 3 SYSTEMPATH\View\View.php(216): CodeIgniter\View\View->CodeIgniter\View\{closure}()
 4 SYSTEMPATH\Common.php(1184): CodeIgniter\View\View->render('filem/semuafilem', [], true)
 5 APPPATH\Controllers\Filem.php(31): view('filem/semuafilem', [...])
 6 SYSTEMPATH\CodeIgniter.php(934): App\Controllers\Filem->all()
 7 SYSTEMPATH\CodeIgniter.php(499): CodeIgniter\CodeIgniter->runController(Object(App\Controllers\Filem))
 8 SYSTEMPATH\CodeIgniter.php(368): CodeIgniter\CodeIgniter->handleRequest(null, Object(Config\Cache), false)
 9 FCPATH\index.php(67): CodeIgniter\CodeIgniter->run()
10 SYSTEMPATH\Commands\Server\rewrite.php(47): require_once('C:\\xampp\\htdocs\\Manual-MI4Bapp\\public\\index.php')
CRITICAL - 2023-06-14 00:35:55 --> Undefined array key "genre"
in APPPATH\Views\Filem\semuafilem.php on line 27.
 1 APPPATH\Views\Filem\semuafilem.php(27): CodeIgniter\Debug\Exceptions->errorHandler(2, 'Undefined array key "genre"', 'C:\\xampp\\htdocs\\Manual-MI4Bapp\\app\\Views\\Filem\\semuafilem.php', 27)
 2 SYSTEMPATH\View\View.php(213): include('C:\\xampp\\htdocs\\Manual-MI4Bapp\\app\\Views\\Filem\\semuafilem.php')
 3 SYSTEMPATH\View\View.php(216): CodeIgniter\View\View->CodeIgniter\View\{closure}()
 4 SYSTEMPATH\Common.php(1184): CodeIgniter\View\View->render('filem/semuafilem', [], true)
 5 APPPATH\Controllers\Filem.php(31): view('filem/semuafilem', [...])
 6 SYSTEMPATH\CodeIgniter.php(934): App\Controllers\Filem->all()
 7 SYSTEMPATH\CodeIgniter.php(499): CodeIgniter\CodeIgniter->runController(Object(App\Controllers\Filem))
 8 SYSTEMPATH\CodeIgniter.php(368): CodeIgniter\CodeIgniter->handleRequest(null, Object(Config\Cache), false)
 9 FCPATH\index.php(67): CodeIgniter\CodeIgniter->run()
10 SYSTEMPATH\Commands\Server\rewrite.php(47): require_once('C:\\xampp\\htdocs\\Manual-MI4Bapp\\public\\index.php')
CRITICAL - 2023-06-14 01:04:24 --> syntax error, unexpected token "->"
in APPPATH\Models\FilemModel.php on line 51.
 1 SYSTEMPATH\Autoloader\Autoloader.php(289): CodeIgniter\Autoloader\Autoloader->includeFile('C:\\xampp\\htdocs\\Manual-MI4Bapp\\app\\Models\\FilemModel.php')
 2 SYSTEMPATH\Autoloader\Autoloader.php(267): CodeIgniter\Autoloader\Autoloader->loadInNamespace('App\\Models\\FilemModel')
 3 APPPATH\Controllers\Filem.php(19): CodeIgniter\Autoloader\Autoloader->loadClass('App\\Models\\FilemModel')
 4 SYSTEMPATH\CodeIgniter.php(906): App\Controllers\Filem->__construct()
 5 SYSTEMPATH\CodeIgniter.php(490): CodeIgniter\CodeIgniter->createController()
 6 SYSTEMPATH\CodeIgniter.php(368): CodeIgniter\CodeIgniter->handleRequest(null, Object(Config\Cache), false)
 7 FCPATH\index.php(67): CodeIgniter\CodeIgniter->run()
 8 SYSTEMPATH\Commands\Server\rewrite.php(47): require_once('C:\\xampp\\htdocs\\Manual-MI4Bapp\\public\\index.php')
CRITICAL - 2023-06-14 01:04:26 --> syntax error, unexpected token "->"
in APPPATH\Models\FilemModel.php on line 51.
 1 SYSTEMPATH\Autoloader\Autoloader.php(289): CodeIgniter\Autoloader\Autoloader->includeFile('C:\\xampp\\htdocs\\Manual-MI4Bapp\\app\\Models\\FilemModel.php')
 2 SYSTEMPATH\Autoloader\Autoloader.php(267): CodeIgniter\Autoloader\Autoloader->loadInNamespace('App\\Models\\FilemModel')
 3 APPPATH\Controllers\Filem.php(19): CodeIgniter\Autoloader\Autoloader->loadClass('App\\Models\\FilemModel')
 4 SYSTEMPATH\CodeIgniter.php(906): App\Controllers\Filem->__construct()
 5 SYSTEMPATH\CodeIgniter.php(490): CodeIgniter\CodeIgniter->createController()
 6 SYSTEMPATH\CodeIgniter.php(368): CodeIgniter\CodeIgniter->handleRequest(null, Object(Config\Cache), false)
 7 FCPATH\index.php(67): CodeIgniter\CodeIgniter->run()
 8 SYSTEMPATH\Commands\Server\rewrite.php(47): require_once('C:\\xampp\\htdocs\\Manual-MI4Bapp\\public\\index.php')
CRITICAL - 2023-06-14 03:29:04 --> Undefined array key "nama_film"
in APPPATH\Views\Filem\semuafilem.php on line 47.
 1 APPPATH\Views\Filem\semuafilem.php(47): CodeIgniter\Debug\Exceptions->errorHandler(2, 'Undefined array key "nama_film"', 'C:\\xampp\\htdocs\\Manual-MI4Bapp\\app\\Views\\Filem\\semuafilem.php', 47)
 2 SYSTEMPATH\View\View.php(213): include('C:\\xampp\\htdocs\\Manual-MI4Bapp\\app\\Views\\Filem\\semuafilem.php')
 3 SYSTEMPATH\View\View.php(216): CodeIgniter\View\View->CodeIgniter\View\{closure}()
 4 SYSTEMPATH\Common.php(1184): CodeIgniter\View\View->render('filem/semuafilem', [], true)
 5 APPPATH\Controllers\Filem.php(31): view('filem/semuafilem', [...])
 6 SYSTEMPATH\CodeIgniter.php(934): App\Controllers\Filem->all()
 7 SYSTEMPATH\CodeIgniter.php(499): CodeIgniter\CodeIgniter->runController(Object(App\Controllers\Filem))
 8 SYSTEMPATH\CodeIgniter.php(368): CodeIgniter\CodeIgniter->handleRequest(null, Object(Config\Cache), false)
 9 FCPATH\index.php(67): CodeIgniter\CodeIgniter->run()
10 SYSTEMPATH\Commands\Server\rewrite.php(47): require_once('C:\\xampp\\htdocs\\Manual-MI4Bapp\\public\\index.php')
CRITICAL - 2023-06-14 04:32:02 --> Undefined variable $data_film
in APPPATH\Views\Filem\index.php on line 52.
 1 APPPATH\Views\Filem\index.php(52): CodeIgniter\Debug\Exceptions->errorHandler(2, 'Undefined variable $data_film', 'C:\\xampp\\htdocs\\Manual-MI4Bapp\\app\\Views\\Filem\\index.php', 52)
 2 SYSTEMPATH\View\View.php(213): include('C:\\xampp\\htdocs\\Manual-MI4Bapp\\app\\Views\\Filem\\index.php')
 3 SYSTEMPATH\View\View.php(216): CodeIgniter\View\View->CodeIgniter\View\{closure}()
 4 SYSTEMPATH\Common.php(1184): CodeIgniter\View\View->render('filem/index', [], true)
 5 APPPATH\Controllers\Filem.php(28): view('filem/index', [...])
 6 SYSTEMPATH\CodeIgniter.php(934): App\Controllers\Filem->index()
 7 SYSTEMPATH\CodeIgniter.php(499): CodeIgniter\CodeIgniter->runController(Object(App\Controllers\Filem))
 8 SYSTEMPATH\CodeIgniter.php(368): CodeIgniter\CodeIgniter->handleRequest(null, Object(Config\Cache), false)
 9 FCPATH\index.php(67): CodeIgniter\CodeIgniter->run()
10 SYSTEMPATH\Commands\Server\rewrite.php(47): require_once('C:\\xampp\\htdocs\\Manual-MI4Bapp\\public\\index.php')
CRITICAL - 2023-06-14 04:32:30 --> Undefined variable $data_film
in APPPATH\Views\Filem\index.php on line 52.
 1 APPPATH\Views\Filem\index.php(52): CodeIgniter\Debug\Exceptions->errorHandler(2, 'Undefined variable $data_film', 'C:\\xampp\\htdocs\\Manual-MI4Bapp\\app\\Views\\Filem\\index.php', 52)
 2 SYSTEMPATH\View\View.php(213): include('C:\\xampp\\htdocs\\Manual-MI4Bapp\\app\\Views\\Filem\\index.php')
 3 SYSTEMPATH\View\View.php(216): CodeIgniter\View\View->CodeIgniter\View\{closure}()
 4 SYSTEMPATH\Common.php(1184): CodeIgniter\View\View->render('filem/index', [], true)
 5 APPPATH\Controllers\Filem.php(28): view('filem/index', [...])
 6 SYSTEMPATH\CodeIgniter.php(934): App\Controllers\Filem->index()
 7 SYSTEMPATH\CodeIgniter.php(499): CodeIgniter\CodeIgniter->runController(Object(App\Controllers\Filem))
 8 SYSTEMPATH\CodeIgniter.php(368): CodeIgniter\CodeIgniter->handleRequest(null, Object(Config\Cache), false)
 9 FCPATH\index.php(67): CodeIgniter\CodeIgniter->run()
10 SYSTEMPATH\Commands\Server\rewrite.php(47): require_once('C:\\xampp\\htdocs\\Manual-MI4Bapp\\public\\index.php')
CRITICAL - 2023-06-14 04:33:16 --> Undefined array key "nama_film"
in APPPATH\Views\Filem\index.php on line 55.
 1 APPPATH\Views\Filem\index.php(55): CodeIgniter\Debug\Exceptions->errorHandler(2, 'Undefined array key "nama_film"', 'C:\\xampp\\htdocs\\Manual-MI4Bapp\\app\\Views\\Filem\\index.php', 55)
 2 SYSTEMPATH\View\View.php(213): include('C:\\xampp\\htdocs\\Manual-MI4Bapp\\app\\Views\\Filem\\index.php')
 3 SYSTEMPATH\View\View.php(216): CodeIgniter\View\View->CodeIgniter\View\{closure}()
 4 SYSTEMPATH\Common.php(1184): CodeIgniter\View\View->render('filem/index', [], true)
 5 APPPATH\Controllers\Filem.php(28): view('filem/index', [...])
 6 SYSTEMPATH\CodeIgniter.php(934): App\Controllers\Filem->index()
 7 SYSTEMPATH\CodeIgniter.php(499): CodeIgniter\CodeIgniter->runController(Object(App\Controllers\Filem))
 8 SYSTEMPATH\CodeIgniter.php(368): CodeIgniter\CodeIgniter->handleRequest(null, Object(Config\Cache), false)
 9 FCPATH\index.php(67): CodeIgniter\CodeIgniter->run()
10 SYSTEMPATH\Commands\Server\rewrite.php(47): require_once('C:\\xampp\\htdocs\\Manual-MI4Bapp\\public\\index.php')
