ERROR - 2023-06-20 15:03:28 --> Error connecting to the database: mysqli_sql_exception: No connection could be made because the target machine actively refused it in C:\xampp\htdocs\Manual-MI4Bapp\system\Database\MySQLi\Connection.php:173
Stack trace:
#0 C:\xampp\htdocs\Manual-MI4Bapp\system\Database\MySQLi\Connection.php(173): mysqli->real_connect('localhost', 'root', Object(SensitiveParameterValue), 'db_film', 3306, '', 0)
#1 C:\xampp\htdocs\Manual-MI4Bapp\system\Database\BaseConnection.php(391): CodeIgniter\Database\MySQLi\Connection->connect(false)
#2 C:\xampp\htdocs\Manual-MI4Bapp\system\Database\BaseConnection.php(574): CodeIgniter\Database\BaseConnection->initialize()
#3 C:\xampp\htdocs\Manual-MI4Bapp\system\Database\BaseBuilder.php(1616): CodeIgniter\Database\BaseConnection->query('SELECT `film`.*...', Array, false)
#4 C:\xampp\htdocs\Manual-MI4Bapp\app\Models\FilemModel.php(52): CodeIgniter\Database\BaseBuilder->get()
#5 C:\xampp\htdocs\Manual-MI4Bapp\app\Controllers\Filem.php(32): App\Models\FilemModel->getAllDataJoin()
#6 C:\xampp\htdocs\Manual-MI4Bapp\system\CodeIgniter.php(934): App\Controllers\Filem->all()
#7 C:\xampp\htdocs\Manual-MI4Bapp\system\CodeIgniter.php(499): CodeIgniter\CodeIgniter->runController(Object(App\Controllers\Filem))
#8 C:\xampp\htdocs\Manual-MI4Bapp\system\CodeIgniter.php(368): CodeIgniter\CodeIgniter->handleRequest(NULL, Object(Config\Cache), false)
#9 C:\xampp\htdocs\Manual-MI4Bapp\public\index.php(67): CodeIgniter\CodeIgniter->run()
#10 C:\xampp\htdocs\Manual-MI4Bapp\system\Commands\Server\rewrite.php(47): require_once('C:\\xampp\\htdocs...')
#11 {main}

Next CodeIgniter\Database\Exceptions\DatabaseException: No connection could be made because the target machine actively refused it in C:\xampp\htdocs\Manual-MI4Bapp\system\Database\MySQLi\Connection.php:218
Stack trace:
#0 C:\xampp\htdocs\Manual-MI4Bapp\system\Database\BaseConnection.php(391): CodeIgniter\Database\MySQLi\Connection->connect(false)
#1 C:\xampp\htdocs\Manual-MI4Bapp\system\Database\BaseConnection.php(574): CodeIgniter\Database\BaseConnection->initialize()
#2 C:\xampp\htdocs\Manual-MI4Bapp\system\Database\BaseBuilder.php(1616): CodeIgniter\Database\BaseConnection->query('SELECT `film`.*...', Array, false)
#3 C:\xampp\htdocs\Manual-MI4Bapp\app\Models\FilemModel.php(52): CodeIgniter\Database\BaseBuilder->get()
#4 C:\xampp\htdocs\Manual-MI4Bapp\app\Controllers\Filem.php(32): App\Models\FilemModel->getAllDataJoin()
#5 C:\xampp\htdocs\Manual-MI4Bapp\system\CodeIgniter.php(934): App\Controllers\Filem->all()
#6 C:\xampp\htdocs\Manual-MI4Bapp\system\CodeIgniter.php(499): CodeIgniter\CodeIgniter->runController(Object(App\Controllers\Filem))
#7 C:\xampp\htdocs\Manual-MI4Bapp\system\CodeIgniter.php(368): CodeIgniter\CodeIgniter->handleRequest(NULL, Object(Config\Cache), false)
#8 C:\xampp\htdocs\Manual-MI4Bapp\public\index.php(67): CodeIgniter\CodeIgniter->run()
#9 C:\xampp\htdocs\Manual-MI4Bapp\system\Commands\Server\rewrite.php(47): require_once('C:\\xampp\\htdocs...')
#10 {main}
CRITICAL - 2023-06-20 15:03:28 --> Unable to connect to the database.
Main connection [MySQLi]: No connection could be made because the target machine actively refused it
in SYSTEMPATH\Database\BaseConnection.php on line 427.
 1 SYSTEMPATH\Database\BaseConnection.php(574): CodeIgniter\Database\BaseConnection->initialize()
 2 SYSTEMPATH\Database\BaseBuilder.php(1616): CodeIgniter\Database\BaseConnection->query('SELECT `film`.*, `genre`.`nama_genre`
FROM `film`
JOIN `genre` ON `genre`.`id` = `film`.`id_genre`', [], false)
 3 APPPATH\Models\FilemModel.php(52): CodeIgniter\Database\BaseBuilder->get()
 4 APPPATH\Controllers\Filem.php(32): App\Models\FilemModel->getAllDataJoin()
 5 SYSTEMPATH\CodeIgniter.php(934): App\Controllers\Filem->all()
 6 SYSTEMPATH\CodeIgniter.php(499): CodeIgniter\CodeIgniter->runController(Object(App\Controllers\Filem))
 7 SYSTEMPATH\CodeIgniter.php(368): CodeIgniter\CodeIgniter->handleRequest(null, Object(Config\Cache), false)
 8 FCPATH\index.php(67): CodeIgniter\CodeIgniter->run()
 9 SYSTEMPATH\Commands\Server\rewrite.php(47): require_once('C:\\xampp\\htdocs\\Manual-MI4Bapp\\public\\index.php')
ERROR - 2023-06-20 15:03:52 --> Error connecting to the database: mysqli_sql_exception: No connection could be made because the target machine actively refused it in C:\xampp\htdocs\Manual-MI4Bapp\system\Database\MySQLi\Connection.php:173
Stack trace:
#0 C:\xampp\htdocs\Manual-MI4Bapp\system\Database\MySQLi\Connection.php(173): mysqli->real_connect('localhost', 'root', Object(SensitiveParameterValue), 'db_film', 3306, '', 0)
#1 C:\xampp\htdocs\Manual-MI4Bapp\system\Database\BaseConnection.php(391): CodeIgniter\Database\MySQLi\Connection->connect(false)
#2 C:\xampp\htdocs\Manual-MI4Bapp\system\Database\BaseConnection.php(574): CodeIgniter\Database\BaseConnection->initialize()
#3 C:\xampp\htdocs\Manual-MI4Bapp\system\Database\BaseBuilder.php(1616): CodeIgniter\Database\BaseConnection->query('SELECT `film`.*...', Array, false)
#4 C:\xampp\htdocs\Manual-MI4Bapp\app\Models\FilemModel.php(52): CodeIgniter\Database\BaseBuilder->get()
#5 C:\xampp\htdocs\Manual-MI4Bapp\app\Controllers\Filem.php(25): App\Models\FilemModel->getAllDataJoin()
#6 C:\xampp\htdocs\Manual-MI4Bapp\system\CodeIgniter.php(934): App\Controllers\Filem->index()
#7 C:\xampp\htdocs\Manual-MI4Bapp\system\CodeIgniter.php(499): CodeIgniter\CodeIgniter->runController(Object(App\Controllers\Filem))
#8 C:\xampp\htdocs\Manual-MI4Bapp\system\CodeIgniter.php(368): CodeIgniter\CodeIgniter->handleRequest(NULL, Object(Config\Cache), false)
#9 C:\xampp\htdocs\Manual-MI4Bapp\public\index.php(67): CodeIgniter\CodeIgniter->run()
#10 C:\xampp\htdocs\Manual-MI4Bapp\system\Commands\Server\rewrite.php(47): require_once('C:\\xampp\\htdocs...')
#11 {main}

Next CodeIgniter\Database\Exceptions\DatabaseException: No connection could be made because the target machine actively refused it in C:\xampp\htdocs\Manual-MI4Bapp\system\Database\MySQLi\Connection.php:218
Stack trace:
#0 C:\xampp\htdocs\Manual-MI4Bapp\system\Database\BaseConnection.php(391): CodeIgniter\Database\MySQLi\Connection->connect(false)
#1 C:\xampp\htdocs\Manual-MI4Bapp\system\Database\BaseConnection.php(574): CodeIgniter\Database\BaseConnection->initialize()
#2 C:\xampp\htdocs\Manual-MI4Bapp\system\Database\BaseBuilder.php(1616): CodeIgniter\Database\BaseConnection->query('SELECT `film`.*...', Array, false)
#3 C:\xampp\htdocs\Manual-MI4Bapp\app\Models\FilemModel.php(52): CodeIgniter\Database\BaseBuilder->get()
#4 C:\xampp\htdocs\Manual-MI4Bapp\app\Controllers\Filem.php(25): App\Models\FilemModel->getAllDataJoin()
#5 C:\xampp\htdocs\Manual-MI4Bapp\system\CodeIgniter.php(934): App\Controllers\Filem->index()
#6 C:\xampp\htdocs\Manual-MI4Bapp\system\CodeIgniter.php(499): CodeIgniter\CodeIgniter->runController(Object(App\Controllers\Filem))
#7 C:\xampp\htdocs\Manual-MI4Bapp\system\CodeIgniter.php(368): CodeIgniter\CodeIgniter->handleRequest(NULL, Object(Config\Cache), false)
#8 C:\xampp\htdocs\Manual-MI4Bapp\public\index.php(67): CodeIgniter\CodeIgniter->run()
#9 C:\xampp\htdocs\Manual-MI4Bapp\system\Commands\Server\rewrite.php(47): require_once('C:\\xampp\\htdocs...')
#10 {main}
CRITICAL - 2023-06-20 15:03:52 --> Unable to connect to the database.
Main connection [MySQLi]: No connection could be made because the target machine actively refused it
in SYSTEMPATH\Database\BaseConnection.php on line 427.
 1 SYSTEMPATH\Database\BaseConnection.php(574): CodeIgniter\Database\BaseConnection->initialize()
 2 SYSTEMPATH\Database\BaseBuilder.php(1616): CodeIgniter\Database\BaseConnection->query('SELECT `film`.*, `genre`.`nama_genre`
FROM `film`
JOIN `genre` ON `genre`.`id` = `film`.`id_genre`', [], false)
 3 APPPATH\Models\FilemModel.php(52): CodeIgniter\Database\BaseBuilder->get()
 4 APPPATH\Controllers\Filem.php(25): App\Models\FilemModel->getAllDataJoin()
 5 SYSTEMPATH\CodeIgniter.php(934): App\Controllers\Filem->index()
 6 SYSTEMPATH\CodeIgniter.php(499): CodeIgniter\CodeIgniter->runController(Object(App\Controllers\Filem))
 7 SYSTEMPATH\CodeIgniter.php(368): CodeIgniter\CodeIgniter->handleRequest(null, Object(Config\Cache), false)
 8 FCPATH\index.php(67): CodeIgniter\CodeIgniter->run()
 9 SYSTEMPATH\Commands\Server\rewrite.php(47): require_once('C:\\xampp\\htdocs\\Manual-MI4Bapp\\public\\index.php')
ERROR - 2023-06-20 15:04:19 --> Error connecting to the database: mysqli_sql_exception: No connection could be made because the target machine actively refused it in C:\xampp\htdocs\Manual-MI4Bapp\system\Database\MySQLi\Connection.php:173
Stack trace:
#0 C:\xampp\htdocs\Manual-MI4Bapp\system\Database\MySQLi\Connection.php(173): mysqli->real_connect('localhost', 'root', Object(SensitiveParameterValue), 'db_film', 3306, '', 0)
#1 C:\xampp\htdocs\Manual-MI4Bapp\system\Database\BaseConnection.php(391): CodeIgniter\Database\MySQLi\Connection->connect(false)
#2 C:\xampp\htdocs\Manual-MI4Bapp\system\Database\BaseConnection.php(574): CodeIgniter\Database\BaseConnection->initialize()
#3 C:\xampp\htdocs\Manual-MI4Bapp\system\Database\BaseBuilder.php(1616): CodeIgniter\Database\BaseConnection->query('SELECT *\nFROM `...', Array, false)
#4 C:\xampp\htdocs\Manual-MI4Bapp\system\Model.php(241): CodeIgniter\Database\BaseBuilder->get()
#5 C:\xampp\htdocs\Manual-MI4Bapp\system\BaseModel.php(618): CodeIgniter\Model->doFindAll(0, 0)
#6 C:\xampp\htdocs\Manual-MI4Bapp\app\Models\GenreModel.php(53): CodeIgniter\BaseModel->findAll()
#7 C:\xampp\htdocs\Manual-MI4Bapp\app\Controllers\Genre.php(20): App\Models\GenreModel->getAllData()
#8 C:\xampp\htdocs\Manual-MI4Bapp\system\CodeIgniter.php(934): App\Controllers\Genre->All()
#9 C:\xampp\htdocs\Manual-MI4Bapp\system\CodeIgniter.php(499): CodeIgniter\CodeIgniter->runController(Object(App\Controllers\Genre))
#10 C:\xampp\htdocs\Manual-MI4Bapp\system\CodeIgniter.php(368): CodeIgniter\CodeIgniter->handleRequest(NULL, Object(Config\Cache), false)
#11 C:\xampp\htdocs\Manual-MI4Bapp\public\index.php(67): CodeIgniter\CodeIgniter->run()
#12 C:\xampp\htdocs\Manual-MI4Bapp\system\Commands\Server\rewrite.php(47): require_once('C:\\xampp\\htdocs...')
#13 {main}

Next CodeIgniter\Database\Exceptions\DatabaseException: No connection could be made because the target machine actively refused it in C:\xampp\htdocs\Manual-MI4Bapp\system\Database\MySQLi\Connection.php:218
Stack trace:
#0 C:\xampp\htdocs\Manual-MI4Bapp\system\Database\BaseConnection.php(391): CodeIgniter\Database\MySQLi\Connection->connect(false)
#1 C:\xampp\htdocs\Manual-MI4Bapp\system\Database\BaseConnection.php(574): CodeIgniter\Database\BaseConnection->initialize()
#2 C:\xampp\htdocs\Manual-MI4Bapp\system\Database\BaseBuilder.php(1616): CodeIgniter\Database\BaseConnection->query('SELECT *\nFROM `...', Array, false)
#3 C:\xampp\htdocs\Manual-MI4Bapp\system\Model.php(241): CodeIgniter\Database\BaseBuilder->get()
#4 C:\xampp\htdocs\Manual-MI4Bapp\system\BaseModel.php(618): CodeIgniter\Model->doFindAll(0, 0)
#5 C:\xampp\htdocs\Manual-MI4Bapp\app\Models\GenreModel.php(53): CodeIgniter\BaseModel->findAll()
#6 C:\xampp\htdocs\Manual-MI4Bapp\app\Controllers\Genre.php(20): App\Models\GenreModel->getAllData()
#7 C:\xampp\htdocs\Manual-MI4Bapp\system\CodeIgniter.php(934): App\Controllers\Genre->All()
#8 C:\xampp\htdocs\Manual-MI4Bapp\system\CodeIgniter.php(499): CodeIgniter\CodeIgniter->runController(Object(App\Controllers\Genre))
#9 C:\xampp\htdocs\Manual-MI4Bapp\system\CodeIgniter.php(368): CodeIgniter\CodeIgniter->handleRequest(NULL, Object(Config\Cache), false)
#10 C:\xampp\htdocs\Manual-MI4Bapp\public\index.php(67): CodeIgniter\CodeIgniter->run()
#11 C:\xampp\htdocs\Manual-MI4Bapp\system\Commands\Server\rewrite.php(47): require_once('C:\\xampp\\htdocs...')
#12 {main}
CRITICAL - 2023-06-20 15:04:19 --> Unable to connect to the database.
Main connection [MySQLi]: No connection could be made because the target machine actively refused it
in SYSTEMPATH\Database\BaseConnection.php on line 427.
 1 SYSTEMPATH\Database\BaseConnection.php(574): CodeIgniter\Database\BaseConnection->initialize()
 2 SYSTEMPATH\Database\BaseBuilder.php(1616): CodeIgniter\Database\BaseConnection->query('SELECT *
FROM `genre`', [], false)
 3 SYSTEMPATH\Model.php(241): CodeIgniter\Database\BaseBuilder->get()
 4 SYSTEMPATH\BaseModel.php(618): CodeIgniter\Model->doFindAll(0, 0)
 5 APPPATH\Models\GenreModel.php(53): CodeIgniter\BaseModel->findAll()
 6 APPPATH\Controllers\Genre.php(20): App\Models\GenreModel->getAllData()
 7 SYSTEMPATH\CodeIgniter.php(934): App\Controllers\Genre->All()
 8 SYSTEMPATH\CodeIgniter.php(499): CodeIgniter\CodeIgniter->runController(Object(App\Controllers\Genre))
 9 SYSTEMPATH\CodeIgniter.php(368): CodeIgniter\CodeIgniter->handleRequest(null, Object(Config\Cache), false)
10 FCPATH\index.php(67): CodeIgniter\CodeIgniter->run()
11 SYSTEMPATH\Commands\Server\rewrite.php(47): require_once('C:\\xampp\\htdocs\\Manual-MI4Bapp\\public\\index.php')
ERROR - 2023-06-20 15:07:45 --> Error connecting to the database: mysqli_sql_exception: No connection could be made because the target machine actively refused it in C:\xampp\htdocs\Manual-MI4Bapp\system\Database\MySQLi\Connection.php:173
Stack trace:
#0 C:\xampp\htdocs\Manual-MI4Bapp\system\Database\MySQLi\Connection.php(173): mysqli->real_connect('localhost', 'root', Object(SensitiveParameterValue), 'db_film', 3306, '', 0)
#1 C:\xampp\htdocs\Manual-MI4Bapp\system\Database\BaseConnection.php(391): CodeIgniter\Database\MySQLi\Connection->connect(false)
#2 C:\xampp\htdocs\Manual-MI4Bapp\system\Database\BaseConnection.php(574): CodeIgniter\Database\BaseConnection->initialize()
#3 C:\xampp\htdocs\Manual-MI4Bapp\system\Database\BaseBuilder.php(1616): CodeIgniter\Database\BaseConnection->query('SELECT `film`.*...', Array, false)
#4 C:\xampp\htdocs\Manual-MI4Bapp\app\Models\FilemModel.php(52): CodeIgniter\Database\BaseBuilder->get()
#5 C:\xampp\htdocs\Manual-MI4Bapp\app\Controllers\Filem.php(32): App\Models\FilemModel->getAllDataJoin()
#6 C:\xampp\htdocs\Manual-MI4Bapp\system\CodeIgniter.php(934): App\Controllers\Filem->all()
#7 C:\xampp\htdocs\Manual-MI4Bapp\system\CodeIgniter.php(499): CodeIgniter\CodeIgniter->runController(Object(App\Controllers\Filem))
#8 C:\xampp\htdocs\Manual-MI4Bapp\system\CodeIgniter.php(368): CodeIgniter\CodeIgniter->handleRequest(NULL, Object(Config\Cache), false)
#9 C:\xampp\htdocs\Manual-MI4Bapp\public\index.php(67): CodeIgniter\CodeIgniter->run()
#10 C:\xampp\htdocs\Manual-MI4Bapp\system\Commands\Server\rewrite.php(47): require_once('C:\\xampp\\htdocs...')
#11 {main}

Next CodeIgniter\Database\Exceptions\DatabaseException: No connection could be made because the target machine actively refused it in C:\xampp\htdocs\Manual-MI4Bapp\system\Database\MySQLi\Connection.php:218
Stack trace:
#0 C:\xampp\htdocs\Manual-MI4Bapp\system\Database\BaseConnection.php(391): CodeIgniter\Database\MySQLi\Connection->connect(false)
#1 C:\xampp\htdocs\Manual-MI4Bapp\system\Database\BaseConnection.php(574): CodeIgniter\Database\BaseConnection->initialize()
#2 C:\xampp\htdocs\Manual-MI4Bapp\system\Database\BaseBuilder.php(1616): CodeIgniter\Database\BaseConnection->query('SELECT `film`.*...', Array, false)
#3 C:\xampp\htdocs\Manual-MI4Bapp\app\Models\FilemModel.php(52): CodeIgniter\Database\BaseBuilder->get()
#4 C:\xampp\htdocs\Manual-MI4Bapp\app\Controllers\Filem.php(32): App\Models\FilemModel->getAllDataJoin()
#5 C:\xampp\htdocs\Manual-MI4Bapp\system\CodeIgniter.php(934): App\Controllers\Filem->all()
#6 C:\xampp\htdocs\Manual-MI4Bapp\system\CodeIgniter.php(499): CodeIgniter\CodeIgniter->runController(Object(App\Controllers\Filem))
#7 C:\xampp\htdocs\Manual-MI4Bapp\system\CodeIgniter.php(368): CodeIgniter\CodeIgniter->handleRequest(NULL, Object(Config\Cache), false)
#8 C:\xampp\htdocs\Manual-MI4Bapp\public\index.php(67): CodeIgniter\CodeIgniter->run()
#9 C:\xampp\htdocs\Manual-MI4Bapp\system\Commands\Server\rewrite.php(47): require_once('C:\\xampp\\htdocs...')
#10 {main}
CRITICAL - 2023-06-20 15:07:45 --> Unable to connect to the database.
Main connection [MySQLi]: No connection could be made because the target machine actively refused it
in SYSTEMPATH\Database\BaseConnection.php on line 427.
 1 SYSTEMPATH\Database\BaseConnection.php(574): CodeIgniter\Database\BaseConnection->initialize()
 2 SYSTEMPATH\Database\BaseBuilder.php(1616): CodeIgniter\Database\BaseConnection->query('SELECT `film`.*, `genre`.`nama_genre`
FROM `film`
JOIN `genre` ON `genre`.`id` = `film`.`id_genre`', [], false)
 3 APPPATH\Models\FilemModel.php(52): CodeIgniter\Database\BaseBuilder->get()
 4 APPPATH\Controllers\Filem.php(32): App\Models\FilemModel->getAllDataJoin()
 5 SYSTEMPATH\CodeIgniter.php(934): App\Controllers\Filem->all()
 6 SYSTEMPATH\CodeIgniter.php(499): CodeIgniter\CodeIgniter->runController(Object(App\Controllers\Filem))
 7 SYSTEMPATH\CodeIgniter.php(368): CodeIgniter\CodeIgniter->handleRequest(null, Object(Config\Cache), false)
 8 FCPATH\index.php(67): CodeIgniter\CodeIgniter->run()
 9 SYSTEMPATH\Commands\Server\rewrite.php(47): require_once('C:\\xampp\\htdocs\\Manual-MI4Bapp\\public\\index.php')
ERROR - 2023-06-20 15:07:49 --> Error connecting to the database: mysqli_sql_exception: No connection could be made because the target machine actively refused it in C:\xampp\htdocs\Manual-MI4Bapp\system\Database\MySQLi\Connection.php:173
Stack trace:
#0 C:\xampp\htdocs\Manual-MI4Bapp\system\Database\MySQLi\Connection.php(173): mysqli->real_connect('localhost', 'root', Object(SensitiveParameterValue), 'db_film', 3306, '', 0)
#1 C:\xampp\htdocs\Manual-MI4Bapp\system\Database\BaseConnection.php(391): CodeIgniter\Database\MySQLi\Connection->connect(false)
#2 C:\xampp\htdocs\Manual-MI4Bapp\system\Database\BaseConnection.php(574): CodeIgniter\Database\BaseConnection->initialize()
#3 C:\xampp\htdocs\Manual-MI4Bapp\system\Database\BaseBuilder.php(1616): CodeIgniter\Database\BaseConnection->query('SELECT `film`.*...', Array, false)
#4 C:\xampp\htdocs\Manual-MI4Bapp\app\Models\FilemModel.php(52): CodeIgniter\Database\BaseBuilder->get()
#5 C:\xampp\htdocs\Manual-MI4Bapp\app\Controllers\Filem.php(32): App\Models\FilemModel->getAllDataJoin()
#6 C:\xampp\htdocs\Manual-MI4Bapp\system\CodeIgniter.php(934): App\Controllers\Filem->all()
#7 C:\xampp\htdocs\Manual-MI4Bapp\system\CodeIgniter.php(499): CodeIgniter\CodeIgniter->runController(Object(App\Controllers\Filem))
#8 C:\xampp\htdocs\Manual-MI4Bapp\system\CodeIgniter.php(368): CodeIgniter\CodeIgniter->handleRequest(NULL, Object(Config\Cache), false)
#9 C:\xampp\htdocs\Manual-MI4Bapp\public\index.php(67): CodeIgniter\CodeIgniter->run()
#10 C:\xampp\htdocs\Manual-MI4Bapp\system\Commands\Server\rewrite.php(47): require_once('C:\\xampp\\htdocs...')
#11 {main}

Next CodeIgniter\Database\Exceptions\DatabaseException: No connection could be made because the target machine actively refused it in C:\xampp\htdocs\Manual-MI4Bapp\system\Database\MySQLi\Connection.php:218
Stack trace:
#0 C:\xampp\htdocs\Manual-MI4Bapp\system\Database\BaseConnection.php(391): CodeIgniter\Database\MySQLi\Connection->connect(false)
#1 C:\xampp\htdocs\Manual-MI4Bapp\system\Database\BaseConnection.php(574): CodeIgniter\Database\BaseConnection->initialize()
#2 C:\xampp\htdocs\Manual-MI4Bapp\system\Database\BaseBuilder.php(1616): CodeIgniter\Database\BaseConnection->query('SELECT `film`.*...', Array, false)
#3 C:\xampp\htdocs\Manual-MI4Bapp\app\Models\FilemModel.php(52): CodeIgniter\Database\BaseBuilder->get()
#4 C:\xampp\htdocs\Manual-MI4Bapp\app\Controllers\Filem.php(32): App\Models\FilemModel->getAllDataJoin()
#5 C:\xampp\htdocs\Manual-MI4Bapp\system\CodeIgniter.php(934): App\Controllers\Filem->all()
#6 C:\xampp\htdocs\Manual-MI4Bapp\system\CodeIgniter.php(499): CodeIgniter\CodeIgniter->runController(Object(App\Controllers\Filem))
#7 C:\xampp\htdocs\Manual-MI4Bapp\system\CodeIgniter.php(368): CodeIgniter\CodeIgniter->handleRequest(NULL, Object(Config\Cache), false)
#8 C:\xampp\htdocs\Manual-MI4Bapp\public\index.php(67): CodeIgniter\CodeIgniter->run()
#9 C:\xampp\htdocs\Manual-MI4Bapp\system\Commands\Server\rewrite.php(47): require_once('C:\\xampp\\htdocs...')
#10 {main}
CRITICAL - 2023-06-20 15:07:49 --> Unable to connect to the database.
Main connection [MySQLi]: No connection could be made because the target machine actively refused it
in SYSTEMPATH\Database\BaseConnection.php on line 427.
 1 SYSTEMPATH\Database\BaseConnection.php(574): CodeIgniter\Database\BaseConnection->initialize()
 2 SYSTEMPATH\Database\BaseBuilder.php(1616): CodeIgniter\Database\BaseConnection->query('SELECT `film`.*, `genre`.`nama_genre`
FROM `film`
JOIN `genre` ON `genre`.`id` = `film`.`id_genre`', [], false)
 3 APPPATH\Models\FilemModel.php(52): CodeIgniter\Database\BaseBuilder->get()
 4 APPPATH\Controllers\Filem.php(32): App\Models\FilemModel->getAllDataJoin()
 5 SYSTEMPATH\CodeIgniter.php(934): App\Controllers\Filem->all()
 6 SYSTEMPATH\CodeIgniter.php(499): CodeIgniter\CodeIgniter->runController(Object(App\Controllers\Filem))
 7 SYSTEMPATH\CodeIgniter.php(368): CodeIgniter\CodeIgniter->handleRequest(null, Object(Config\Cache), false)
 8 FCPATH\index.php(67): CodeIgniter\CodeIgniter->run()
 9 SYSTEMPATH\Commands\Server\rewrite.php(47): require_once('C:\\xampp\\htdocs\\Manual-MI4Bapp\\public\\index.php')
ERROR - 2023-06-20 15:09:18 --> Error connecting to the database: mysqli_sql_exception: No connection could be made because the target machine actively refused it in C:\xampp\htdocs\Manual-MI4Bapp\system\Database\MySQLi\Connection.php:173
Stack trace:
#0 C:\xampp\htdocs\Manual-MI4Bapp\system\Database\MySQLi\Connection.php(173): mysqli->real_connect('localhost', 'root', Object(SensitiveParameterValue), 'db_film', 3306, '', 0)
#1 C:\xampp\htdocs\Manual-MI4Bapp\system\Database\BaseConnection.php(391): CodeIgniter\Database\MySQLi\Connection->connect(false)
#2 C:\xampp\htdocs\Manual-MI4Bapp\system\Database\BaseConnection.php(574): CodeIgniter\Database\BaseConnection->initialize()
#3 C:\xampp\htdocs\Manual-MI4Bapp\system\Database\BaseBuilder.php(1616): CodeIgniter\Database\BaseConnection->query('SELECT `film`.*...', Array, false)
#4 C:\xampp\htdocs\Manual-MI4Bapp\app\Models\FilemModel.php(52): CodeIgniter\Database\BaseBuilder->get()
#5 C:\xampp\htdocs\Manual-MI4Bapp\app\Controllers\Filem.php(32): App\Models\FilemModel->getAllDataJoin()
#6 C:\xampp\htdocs\Manual-MI4Bapp\system\CodeIgniter.php(934): App\Controllers\Filem->all()
#7 C:\xampp\htdocs\Manual-MI4Bapp\system\CodeIgniter.php(499): CodeIgniter\CodeIgniter->runController(Object(App\Controllers\Filem))
#8 C:\xampp\htdocs\Manual-MI4Bapp\system\CodeIgniter.php(368): CodeIgniter\CodeIgniter->handleRequest(NULL, Object(Config\Cache), false)
#9 C:\xampp\htdocs\Manual-MI4Bapp\public\index.php(67): CodeIgniter\CodeIgniter->run()
#10 C:\xampp\htdocs\Manual-MI4Bapp\system\Commands\Server\rewrite.php(47): require_once('C:\\xampp\\htdocs...')
#11 {main}

Next CodeIgniter\Database\Exceptions\DatabaseException: No connection could be made because the target machine actively refused it in C:\xampp\htdocs\Manual-MI4Bapp\system\Database\MySQLi\Connection.php:218
Stack trace:
#0 C:\xampp\htdocs\Manual-MI4Bapp\system\Database\BaseConnection.php(391): CodeIgniter\Database\MySQLi\Connection->connect(false)
#1 C:\xampp\htdocs\Manual-MI4Bapp\system\Database\BaseConnection.php(574): CodeIgniter\Database\BaseConnection->initialize()
#2 C:\xampp\htdocs\Manual-MI4Bapp\system\Database\BaseBuilder.php(1616): CodeIgniter\Database\BaseConnection->query('SELECT `film`.*...', Array, false)
#3 C:\xampp\htdocs\Manual-MI4Bapp\app\Models\FilemModel.php(52): CodeIgniter\Database\BaseBuilder->get()
#4 C:\xampp\htdocs\Manual-MI4Bapp\app\Controllers\Filem.php(32): App\Models\FilemModel->getAllDataJoin()
#5 C:\xampp\htdocs\Manual-MI4Bapp\system\CodeIgniter.php(934): App\Controllers\Filem->all()
#6 C:\xampp\htdocs\Manual-MI4Bapp\system\CodeIgniter.php(499): CodeIgniter\CodeIgniter->runController(Object(App\Controllers\Filem))
#7 C:\xampp\htdocs\Manual-MI4Bapp\system\CodeIgniter.php(368): CodeIgniter\CodeIgniter->handleRequest(NULL, Object(Config\Cache), false)
#8 C:\xampp\htdocs\Manual-MI4Bapp\public\index.php(67): CodeIgniter\CodeIgniter->run()
#9 C:\xampp\htdocs\Manual-MI4Bapp\system\Commands\Server\rewrite.php(47): require_once('C:\\xampp\\htdocs...')
#10 {main}
CRITICAL - 2023-06-20 15:09:18 --> Unable to connect to the database.
Main connection [MySQLi]: No connection could be made because the target machine actively refused it
in SYSTEMPATH\Database\BaseConnection.php on line 427.
 1 SYSTEMPATH\Database\BaseConnection.php(574): CodeIgniter\Database\BaseConnection->initialize()
 2 SYSTEMPATH\Database\BaseBuilder.php(1616): CodeIgniter\Database\BaseConnection->query('SELECT `film`.*, `genre`.`nama_genre`
FROM `film`
JOIN `genre` ON `genre`.`id` = `film`.`id_genre`', [], false)
 3 APPPATH\Models\FilemModel.php(52): CodeIgniter\Database\BaseBuilder->get()
 4 APPPATH\Controllers\Filem.php(32): App\Models\FilemModel->getAllDataJoin()
 5 SYSTEMPATH\CodeIgniter.php(934): App\Controllers\Filem->all()
 6 SYSTEMPATH\CodeIgniter.php(499): CodeIgniter\CodeIgniter->runController(Object(App\Controllers\Filem))
 7 SYSTEMPATH\CodeIgniter.php(368): CodeIgniter\CodeIgniter->handleRequest(null, Object(Config\Cache), false)
 8 FCPATH\index.php(67): CodeIgniter\CodeIgniter->run()
 9 SYSTEMPATH\Commands\Server\rewrite.php(47): require_once('C:\\xampp\\htdocs\\Manual-MI4Bapp\\public\\index.php')
